<?xml version="1.0" encoding="UTF-8"?>
<!-- Generated by org.testng.reporters.JUnitReportReporter -->
<testsuite skipped="0" hostname="brandons-mbp.lan" name="webLogin.CouncelorLogin" tests="2" failures="0" timestamp="19 Jan 2018 17:43:52 GMT" time="0.010" errors="0">
  <testcase name="LoginSuccess" time="0.001" classname="webLogin.CouncelorLogin"/>
  <testcase name="LoginFailure" time="0.009" classname="webLogin.CouncelorLogin"/>
</testsuite> <!-- webLogin.CouncelorLogin -->
