<?xml version="1.0" encoding="UTF-8"?>
<!-- Generated by org.testng.reporters.JUnitReportReporter -->
<testsuite skipped="0" hostname="brandons-mbp.lan" name="studentLoginTest.LoginSucess" tests="1" failures="0" timestamp="01 Feb 2018 15:26:21 GMT" time="3.152" errors="0">
  <testcase name="LoginSuccess" time="3.152" classname="studentLoginTest.LoginSucess"/>
</testsuite> <!-- studentLoginTest.LoginSucess -->
