<?xml version="1.0" encoding="UTF-8"?>
<!-- Generated by org.testng.reporters.JUnitReportReporter -->
<testsuite skipped="0" hostname="brandons-mbp.lan" name="studentLoginTest.LoginSucess" tests="1" failures="0" timestamp="31 Jan 2018 20:20:06 GMT" time="2.439" errors="0">
  <testcase name="LoginSuccess" time="2.439" classname="studentLoginTest.LoginSucess"/>
</testsuite> <!-- studentLoginTest.LoginSucess -->
