<?xml version="1.0" encoding="UTF-8"?>
<!-- Generated by org.testng.reporters.JUnitReportReporter -->
<testsuite skipped="0" hostname="brandons-mbp.lan" name="webLogin.AdminLogin"
	tests="2" failures="0" timestamp="19 Jan 2018 17:43:52 GMT" time="0.001"
	errors="0">
	<testcase name="LoginFailure" time="0.000" classname="webLogin.AdminLogin" />
	<testcase name="LoginSuccess" time="0.001" classname="webLogin.AdminLogin" />
</testsuite> <!-- webLogin.AdminLogin -->
