<?xml version="1.0" encoding="UTF-8"?>
<!-- Generated by org.testng.reporters.JUnitReportReporter -->
<testsuite skipped="0" hostname="brandons-mbp.lan" name="webLogin.StudentLogin" tests="1" failures="0" timestamp="29 Jan 2018 15:03:04 GMT" time="0.407" errors="0">
  <testcase name="LoginSuccess" time="0.407" classname="webLogin.StudentLogin"/>
</testsuite> <!-- webLogin.StudentLogin -->
