<?xml version="1.0" encoding="UTF-8"?>
<!-- Generated by org.testng.reporters.JUnitReportReporter -->
<testsuite skipped="0" hostname="brandons-mbp.lan" name="webLogin.TeacherLogin"
	tests="2" failures="0" timestamp="26 Jan 2018 20:56:21 GMT" time="0.413"
	errors="0">
	<testcase name="LoginSuccess" time="0.409" classname="webLogin.TeacherLogin" />
	<testcase name="LoginFailure" time="0.004" classname="webLogin.TeacherLogin" />
</testsuite> <!-- webLogin.TeacherLogin -->
