<?xml version="1.0" encoding="UTF-8"?>
<!-- Generated by org.testng.reporters.JUnitReportReporter -->
<testsuite skipped="0" hostname="brandons-mbp.lan" name="Scoir.StudentLogin"
	tests="6" failures="0" timestamp="10 Jan 2018 20:22:25 GMT" time="0.014"
	errors="0">
	<testcase name="LoginFacebookSuccess" time="0.002"
		classname="Scoir.StudentLogin" />
	<testcase name="LoginFacebookFailure" time="0.008"
		classname="Scoir.StudentLogin" />
	<testcase name="LoginTwitterFailure" time="0.001" classname="Scoir.StudentLogin" />
	<testcase name="LoginSuccess" time="0.001" classname="Scoir.StudentLogin" />
	<testcase name="LoginFailure" time="0.001" classname="Scoir.StudentLogin" />
	<testcase name="LoginTwitterSuccess" time="0.001" classname="Scoir.StudentLogin" />
</testsuite> <!-- Scoir.StudentLogin -->
