<?xml version="1.0" encoding="UTF-8"?>
<!-- Generated by org.testng.reporters.JUnitReportReporter -->
<testsuite skipped="0" hostname="brandons-mbp.lan" name="StudentLogin.LoginFailure"
	tests="1" failures="0" timestamp="29 Jan 2018 15:38:09 GMT" time="0.355"
	errors="0">
	<testcase name="Failure" time="0.355" classname="StudentLogin.LoginFailure" />
</testsuite> <!-- StudentLogin.LoginFailure -->
