<?xml version="1.0" encoding="UTF-8"?>
<!-- Generated by org.testng.reporters.JUnitReportReporter -->
<testsuite skipped="0" hostname="brandons-mbp.lan" name="teacherLoginTest.LoginFailure" tests="1" failures="0" timestamp="01 Feb 2018 15:13:02 GMT" time="3.152" errors="0">
  <testcase name="Failure" time="3.152" classname="teacherLoginTest.LoginFailure"/>
</testsuite> <!-- teacherLoginTest.LoginFailure -->
