<?xml version="1.0" encoding="UTF-8"?>
<!-- Generated by org.testng.reporters.JUnitReportReporter -->
<testsuite skipped="0" hostname="brandons-mbp.lan" name="studentLoginTest.LoginFailure" tests="1" failures="0" timestamp="31 Jan 2018 20:21:46 GMT" time="2.554" errors="0">
  <testcase name="Failure" time="2.554" classname="studentLoginTest.LoginFailure"/>
</testsuite> <!-- studentLoginTest.LoginFailure -->
