<?xml version="1.0" encoding="UTF-8"?>
<!-- Generated by org.testng.reporters.JUnitReportReporter -->
<testsuite skipped="0" hostname="brandons-mbp.lan" name="parentLoginTest.LoginFailure" tests="1" failures="0" timestamp="29 Jan 2018 20:33:33 GMT" time="2.419" errors="0">
  <testcase name="Failure" time="2.419" classname="parentLoginTest.LoginFailure"/>
</testsuite> <!-- parentLoginTest.LoginFailure -->
