<?xml version="1.0" encoding="UTF-8"?>
<!-- Generated by org.testng.reporters.JUnitReportReporter -->
<testsuite skipped="0" hostname="brandons-mbp.lan" name="adminLoginTest.LoginFailure" tests="1" failures="0" timestamp="01 Feb 2018 15:13:02 GMT" time="2.368" errors="0">
  <testcase name="Failure" time="2.368" classname="adminLoginTest.LoginFailure"/>
</testsuite> <!-- adminLoginTest.LoginFailure -->
