<?xml version="1.0" encoding="UTF-8"?>
<!-- Generated by org.testng.reporters.JUnitReportReporter -->
<testsuite skipped="0" hostname="brandons-mbp.lan" name="counselorLoginTest.LoginSuccess" tests="1" failures="0" timestamp="31 Jan 2018 20:21:46 GMT" time="3.870" errors="0">
  <testcase name="Success" time="3.870" classname="counselorLoginTest.LoginSuccess"/>
</testsuite> <!-- counselorLoginTest.LoginSuccess -->
