<?xml version="1.0" encoding="UTF-8"?>
<!-- Generated by org.testng.reporters.JUnitReportReporter -->
<testsuite skipped="0" hostname="brandons-mbp.lan" name="parentLoginTest.ParentLogin" tests="1" failures="0" timestamp="31 Jan 2018 20:21:46 GMT" time="2.464" errors="0">
  <testcase name="Success" time="2.464" classname="parentLoginTest.ParentLogin"/>
</testsuite> <!-- parentLoginTest.ParentLogin -->
