<?xml version="1.0" encoding="UTF-8"?>
<!-- Generated by org.testng.reporters.JUnitReportReporter -->
<testsuite skipped="0" hostname="brandons-mbp.lan" name="teacherLoginTest.LoginSuccess" tests="1" failures="0" timestamp="29 Jan 2018 20:33:33 GMT" time="2.741" errors="0">
  <testcase name="Success" time="2.741" classname="teacherLoginTest.LoginSuccess"/>
</testsuite> <!-- teacherLoginTest.LoginSuccess -->
