<?xml version="1.0" encoding="UTF-8"?>
<!-- Generated by org.testng.reporters.JUnitReportReporter -->
<testsuite skipped="0" hostname="brandons-mbp.lan" name="webLogin.StudentLogin" tests="6" failures="0" timestamp="19 Jan 2018 17:41:07 GMT" time="0.000" errors="0">
  <testcase name="LoginTwitterFailure" time="0.000" classname="webLogin.StudentLogin"/>
  <testcase name="LoginFacebookSuccess" time="0.000" classname="webLogin.StudentLogin"/>
  <testcase name="LoginTwitterSuccess" time="0.000" classname="webLogin.StudentLogin"/>
  <testcase name="LoginFacebookFailure" time="0.000" classname="webLogin.StudentLogin"/>
  <testcase name="LoginFailure" time="0.000" classname="webLogin.StudentLogin"/>
  <testcase name="LoginSuccess" time="0.000" classname="webLogin.StudentLogin"/>
</testsuite> <!-- webLogin.StudentLogin -->
