<?xml version="1.0" encoding="UTF-8"?>
<!-- Generated by org.testng.reporters.JUnitReportReporter -->
<testsuite skipped="0" hostname="brandons-mbp.lan" name="parentLoginTest.LoginFailure" tests="1" failures="0" timestamp="29 Jan 2018 16:20:22 GMT" time="0.316" errors="0">
  <testcase name="Failure" time="0.316" classname="parentLoginTest.LoginFailure"/>
</testsuite> <!-- parentLoginTest.LoginFailure -->
