<?xml version="1.0" encoding="UTF-8"?>
<!-- Generated by org.testng.reporters.JUnitReportReporter -->
<testsuite skipped="0" hostname="brandons-mbp.lan" name="counselorLoginTest.LoginSuccess" tests="1" failures="0" timestamp="01 Feb 2018 15:13:02 GMT" time="2.350" errors="0">
  <testcase name="Success" time="2.350" classname="counselorLoginTest.LoginSuccess"/>
</testsuite> <!-- counselorLoginTest.LoginSuccess -->
