<?xml version="1.0" encoding="UTF-8"?>
<!-- Generated by org.testng.reporters.JUnitReportReporter -->
<testsuite skipped="0" hostname="brandons-mbp.lan" name="studentLoginTest.LoginSucess" tests="1" failures="0" timestamp="29 Jan 2018 16:20:22 GMT" time="0.397" errors="0">
  <testcase name="LoginSuccess" time="0.397" classname="studentLoginTest.LoginSucess"/>
</testsuite> <!-- studentLoginTest.LoginSucess -->
